[2017-01-07 19:25:02] {"id":3729,"type":"proc","mode":"","msg":"x"}: undefined
[2017-01-07 19:25:02] {"id":3729,"type":"proc","mode":"","msg":"c"}: undefined
[2017-01-07 19:25:02] {"id":3729,"type":"proc","mode":"","msg":"v"}: undefined
[2017-01-07 19:25:11] {"id":8553,"type":"in","mode":"d","msg":"Debugger Module Connected."}: undefined
[2017-01-07 19:25:18] {"id":3729,"type":"proc","mode":"","msg":"/show log"}: undefined
[2017-01-07 19:25:18] {"id":8553,"type":"in","mode":"","msg":"Printing Log to output"}: undefined
[2017-01-07 19:25:18] {"id":8553,"type":"in","mode":"","msg":"{\"id\":4188,\"type\":\"proc\",\"mode\":\"\",\"msg\":\"/show log\"}"}: undefined
[2017-01-07 19:25:21] {"id":3729,"type":"proc","mode":"","msg":"a"}: undefined
[2017-01-07 19:25:21] {"id":8553,"type":"in","mode":"","msg":"{\"id\":4188,\"type\":\"proc\",\"mode\":\"\",\"msg\":\"a\"}"}: undefined
[2017-01-07 19:25:23] {"id":3729,"type":"proc","mode":"","msg":"/hide log"}: undefined
[2017-01-07 19:25:23] {"id":8553,"type":"in","mode":"","msg":"Hiding log"}: undefined
[2017-01-07 19:25:26] {"id":3729,"type":"proc","mode":"","msg":"ping"}: undefined
[2017-01-07 19:25:29] {"id":3729,"type":"proc","mode":"","msg":"/ping"}: undefined
[2017-01-07 19:25:29] {"id":8553,"type":"in","mode":"","msg":"pong"}: undefined
[2017-01-07 19:36:10] {"id":7106,"type":"proc","mode":"","msg":"a"}: undefined
[2017-01-07 19:36:22] {"id":7106,"type":"proc","mode":"","msg":"/ping"}: undefined
[2017-01-07 19:36:42] {"id":6205,"type":"in","mode":"d","msg":"Debugger Module Connected."}: undefined
[2017-01-07 19:36:51] {"id":7106,"type":"proc","mode":"","msg":"/ping"}: undefined
[2017-01-07 19:36:51] {"id":6205,"type":"in","mode":"","msg":"pong"}: undefined
[2017-01-07 19:36:52] {"id":7106,"type":"proc","mode":"","msg":"pong"}: undefined
[2017-01-07 19:40:26] {"id":8180,"type":"in","mode":"d","msg":"Debugger Module Connected."}: undefined
[2017-01-07 19:40:37] {"id":7106,"type":"proc","mode":"","msg":"hi"}: undefined
[2017-01-07 19:40:40] {"id":7106,"type":"proc","mode":"","msg":"/ping"}: undefined
[2017-01-07 19:40:40] {"id":8180,"type":"in","mode":"","msg":"pong"}: undefined
[2017-01-07 19:40:41] {"id":7106,"type":"proc","mode":"","msg":"pong"}: undefined
[2017-01-07 19:40:44] {"id":7106,"type":"proc","mode":"","msg":"/say hello"}: undefined
[2017-01-07 19:40:59] {"id":7106,"type":"proc","mode":"","msg":"/echo hello"}: undefined
[2017-01-07 19:42:35] {"id":7701,"type":"in","mode":"d","msg":"Debugger Module Connected."}: undefined
[2017-01-07 19:42:41] {"id":7106,"type":"proc","mode":"","msg":"/ping"}: undefined
[2017-01-07 19:42:41] {"id":7701,"type":"in","mode":"","msg":"pong"}: undefined
[2017-01-07 19:42:41] {"id":7106,"type":"proc","mode":"","msg":"pong"}: undefined
[2017-01-07 19:42:45] {"id":7106,"type":"proc","mode":"","msg":"/echo hello"}: undefined
[2017-01-07 19:42:45] {"id":7701,"type":"in","mode":"","msg":"hello"}: undefined
[2017-01-07 19:42:45] {"id":7106,"type":"proc","mode":"","msg":"hello"}: undefined
[2017-01-07 19:42:50] {"id":7106,"type":"proc","mode":"","msg":"/echo my name is ultrabot"}: undefined
[2017-01-07 19:42:50] {"id":7701,"type":"in","mode":"","msg":"my name is ultrabot"}: undefined
[2017-01-07 19:42:51] {"id":7106,"type":"proc","mode":"","msg":"my name is ultrabot"}: undefined
[2017-01-07 19:44:13] {"id":7106,"type":"proc","mode":"","msg":"/ping"}: undefined
[2017-01-07 19:44:13] {"id":7701,"type":"in","mode":"","msg":"pong"}: undefined
[2017-01-07 19:44:13] {"id":7106,"type":"proc","mode":"","msg":"pong"}: undefined
[2017-01-07 19:44:24] {"id":7106,"type":"proc","mode":"","msg":"/echo hello!"}: undefined
[2017-01-07 19:44:24] {"id":7701,"type":"in","mode":"","msg":"hello!"}: undefined
[2017-01-07 19:44:25] {"id":7106,"type":"proc","mode":"","msg":"hello!"}: undefined
[2017-01-07 19:45:03] {"id":7106,"type":"proc","mode":"","msg":"/show log"}: undefined
[2017-01-07 19:45:03] {"id":7701,"type":"in","mode":"","msg":"Printing Log to output"}: undefined
[2017-01-07 19:45:03] {"id":7701,"type":"in","mode":"","msg":"{\"id\":2338,\"type\":\"proc\",\"mode\":\"\",\"msg\":\"/show log\"}"}: undefined
[2017-01-07 19:45:03] {"id":7106,"type":"proc","mode":"","msg":"Printing Log to output"}: undefined
[2017-01-07 19:45:03] {"id":7701,"type":"in","mode":"","msg":"{\"id\":2338,\"type\":\"proc\",\"mode\":\"\",\"msg\":\"Printing Log to output\"}"}: undefined
[2017-01-07 19:45:03] {"id":7106,"type":"proc","mode":"","msg":"{\"id\":2338,\"type\":\"proc\",\"mode\":\"\",\"msg\":\"/show log\"}"}: undefined
[2017-01-07 19:45:03] {"id":7701,"type":"in","mode":"","msg":"{\"id\":2338,\"type\":\"proc\",\"mode\":\"\",\"msg\":\"{\\\"id\\\":2338,\\\"type\\\":\\\"proc\\\",\\\"mode\\\":\\\"\\\",\\\"msg\\\":\\\"/show log\\\"}\"}"}: undefined
[2017-01-07 19:45:04] {"id":7106,"type":"proc","mode":"","msg":"{\"id\":2338,\"type\":\"proc\",\"mode\":\"\",\"msg\":\"Printing Log to output\"}"}: undefined
[2017-01-07 19:45:04] {"id":7701,"type":"in","mode":"","msg":"{\"id\":2338,\"type\":\"proc\",\"mode\":\"\",\"msg\":\"{\\\"id\\\":2338,\\\"type\\\":\\\"proc\\\",\\\"mode\\\":\\\"\\\",\\\"msg\\\":\\\"Printing Log to output\\\"}\"}"}: undefined
[2017-01-07 19:45:04] {"id":7106,"type":"proc","mode":"","msg":"{\"id\":2338,\"type\":\"proc\",\"mode\":\"\",\"msg\":\"{\\\"id\\\":2338,\\\"type\\\":\\\"proc\\\",\\\"mode\\\":\\\"\\\",\\\"msg\\\":\\\"/show log\\\"}\"}"}: undefined
[2017-01-07 19:45:04] {"id":7701,"type":"in","mode":"","msg":"{\"id\":2338,\"type\":\"proc\",\"mode\":\"\",\"msg\":\"{\\\"id\\\":2338,\\\"type\\\":\\\"proc\\\",\\\"mode\\\":\\\"\\\",\\\"msg\\\":\\\"{\\\\\\\"id\\\\\\\":2338,\\\\\\\"type\\\\\\\":\\\\\\\"proc\\\\\\\",\\\\\\\"mode\\\\\\\":\\\\\\\"\\\\\\\",\\\\\\\"msg\\\\\\\":\\\\\\\"/show log\\\\\\\"}\\\"}\"}"}: undefined
[2017-01-07 19:45:04] {"id":7106,"type":"proc","mode":"","msg":"{\"id\":2338,\"type\":\"proc\",\"mode\":\"\",\"msg\":\"{\\\"id\\\":2338,\\\"type\\\":\\\"proc\\\",\\\"mode\\\":\\\"\\\",\\\"msg\\\":\\\"Printing Log to output\\\"}\"}"}: undefined
[2017-01-07 19:45:04] {"id":7701,"type":"in","mode":"","msg":"{\"id\":2338,\"type\":\"proc\",\"mode\":\"\",\"msg\":\"{\\\"id\\\":2338,\\\"type\\\":\\\"proc\\\",\\\"mode\\\":\\\"\\\",\\\"msg\\\":\\\"{\\\\\\\"id\\\\\\\":2338,\\\\\\\"type\\\\\\\":\\\\\\\"proc\\\\\\\",\\\\\\\"mode\\\\\\\":\\\\\\\"\\\\\\\",\\\\\\\"msg\\\\\\\":\\\\\\\"Printing Log to output\\\\\\\"}\\\"}\"}"}: undefined
[2017-01-07 19:45:07] {"id":7106,"type":"proc","mode":"","msg":"a"}: undefined
[2017-01-07 19:45:07] {"id":7701,"type":"in","mode":"","msg":"{\"id\":2338,\"type\":\"proc\",\"mode\":\"\",\"msg\":\"a\"}"}: undefined
[2017-01-07 19:45:10] {"id":7106,"type":"proc","mode":"","msg":"{\"id\":2338,\"type\":\"proc\",\"mode\":\"\",\"msg\":\"{\\\"id\\\":2338,\\\"type\\\":\\\"proc\\\",\\\"mode\\\":\\\"\\\",\\\"msg\\\":\\\"{\\\\\\\"id\\\\\\\":2338,\\\\\\\"type\\\\\\\":\\\\\\\"proc\\\\\\\",\\\\\\\"mode\\\\\\\":\\\\\\\"\\\\\\\",\\\\\\\"msg\\\\\\\":\\\\\\\"/show log\\\\\\\"}\\\"}\"}"}: undefined
[2017-01-07 19:45:10] {"id":7701,"type":"in","mode":"","msg":"{\"id\":2338,\"type\":\"proc\",\"mode\":\"\",\"msg\":\"{\\\"id\\\":2338,\\\"type\\\":\\\"proc\\\",\\\"mode\\\":\\\"\\\",\\\"msg\\\":\\\"{\\\\\\\"id\\\\\\\":2338,\\\\\\\"type\\\\\\\":\\\\\\\"proc\\\\\\\",\\\\\\\"mode\\\\\\\":\\\\\\\"\\\\\\\",\\\\\\\"msg\\\\\\\":\\\\\\\"{\\\\\\\\\\\\\\\"id\\\\\\\\\\\\\\\":2338,\\\\\\\\\\\\\\\"type\\\\\\\\\\\\\\\":\\\\\\\\\\\\\\\"proc\\\\\\\\\\\\\\\",\\\\\\\\\\\\\\\"mode\\\\\\\\\\\\\\\":\\\\\\\\\\\\\\\"\\\\\\\\\\\\\\\",\\\\\\\\\\\\\\\"msg\\\\\\\\\\\\\\\":\\\\\\\\\\\\\\\"/show log\\\\\\\\\\\\\\\"}\\\\\\\"}\\\"}\"}"}: undefined
[2017-01-07 19:45:10] {"id":7106,"type":"proc","mode":"","msg":"{\"id\":2338,\"type\":\"proc\",\"mode\":\"\",\"msg\":\"{\\\"id\\\":2338,\\\"type\\\":\\\"proc\\\",\\\"mode\\\":\\\"\\\",\\\"msg\\\":\\\"{\\\\\\\"id\\\\\\\":2338,\\\\\\\"type\\\\\\\":\\\\\\\"proc\\\\\\\",\\\\\\\"mode\\\\\\\":\\\\\\\"\\\\\\\",\\\\\\\"msg\\\\\\\":\\\\\\\"Printing Log to output\\\\\\\"}\\\"}\"}"}: undefined
[2017-01-07 19:45:10] {"id":7701,"type":"in","mode":"","msg":"{\"id\":2338,\"type\":\"proc\",\"mode\":\"\",\"msg\":\"{\\\"id\\\":2338,\\\"type\\\":\\\"proc\\\",\\\"mode\\\":\\\"\\\",\\\"msg\\\":\\\"{\\\\\\\"id\\\\\\\":2338,\\\\\\\"type\\\\\\\":\\\\\\\"proc\\\\\\\",\\\\\\\"mode\\\\\\\":\\\\\\\"\\\\\\\",\\\\\\\"msg\\\\\\\":\\\\\\\"{\\\\\\\\\\\\\\\"id\\\\\\\\\\\\\\\":2338,\\\\\\\\\\\\\\\"type\\\\\\\\\\\\\\\":\\\\\\\\\\\\\\\"proc\\\\\\\\\\\\\\\",\\\\\\\\\\\\\\\"mode\\\\\\\\\\\\\\\":\\\\\\\\\\\\\\\"\\\\\\\\\\\\\\\",\\\\\\\\\\\\\\\"msg\\\\\\\\\\\\\\\":\\\\\\\\\\\\\\\"Printing Log to output\\\\\\\\\\\\\\\"}\\\\\\\"}\\\"}\"}"}: undefined
[2017-01-07 19:45:10] {"id":7106,"type":"proc","mode":"","msg":"{\"id\":2338,\"type\":\"proc\",\"mode\":\"\",\"msg\":\"a\"}"}: undefined
[2017-01-07 19:45:10] {"id":7701,"type":"in","mode":"","msg":"{\"id\":2338,\"type\":\"proc\",\"mode\":\"\",\"msg\":\"{\\\"id\\\":2338,\\\"type\\\":\\\"proc\\\",\\\"mode\\\":\\\"\\\",\\\"msg\\\":\\\"a\\\"}\"}"}: undefined
[2017-01-07 19:45:11] {"id":7106,"type":"proc","mode":"","msg":"{\"id\":2338,\"type\":\"proc\",\"mode\":\"\",\"msg\":\"{\\\"id\\\":2338,\\\"type\\\":\\\"proc\\\",\\\"mode\\\":\\\"\\\",\\\"msg\\\":\\\"{\\\\\\\"id\\\\\\\":2338,\\\\\\\"type\\\\\\\":\\\\\\\"proc\\\\\\\",\\\\\\\"mode\\\\\\\":\\\\\\\"\\\\\\\",\\\\\\\"msg\\\\\\\":\\\\\\\"{\\\\\\\\\\\\\\\"id\\\\\\\\\\\\\\\":2338,\\\\\\\\\\\\\\\"type\\\\\\\\\\\\\\\":\\\\\\\\\\\\\\\"proc\\\\\\\\\\\\\\\",\\\\\\\\\\\\\\\"mode\\\\\\\\\\\\\\\":\\\\\\\\\\\\\\\"\\\\\\\\\\\\\\\",\\\\\\\\\\\\\\\"msg\\\\\\\\\\\\\\\":\\\\\\\\\\\\\\\"/show log\\\\\\\\\\\\\\\"}\\\\\\\"}\\\"}\"}"}: undefined
[2017-01-07 19:45:11] {"id":7701,"type":"in","mode":"","msg":"{\"id\":2338,\"type\":\"proc\",\"mode\":\"\",\"msg\":\"{\\\"id\\\":2338,\\\"type\\\":\\\"proc\\\",\\\"mode\\\":\\\"\\\",\\\"msg\\\":\\\"{\\\\\\\"id\\\\\\\":2338,\\\\\\\"type\\\\\\\":\\\\\\\"proc\\\\\\\",\\\\\\\"mode\\\\\\\":\\\\\\\"\\\\\\\",\\\\\\\"msg\\\\\\\":\\\\\\\"{\\\\\\\\\\\\\\\"id\\\\\\\\\\\\\\\":2338,\\\\\\\\\\\\\\\"type\\\\\\\\\\\\\\\":\\\\\\\\\\\\\\\"proc\\\\\\\\\\\\\\\",\\\\\\\\\\\\\\\"mode\\\\\\\\\\\\\\\":\\\\\\\\\\\\\\\"\\\\\\\\\\\\\\\",\\\\\\\\\\\\\\\"msg\\\\\\\\\\\\\\\":\\\\\\\\\\\\\\\"{\\\\\\\\\\\\\\\\\\\\\\\\\\\\\\\"id\\\\\\\\\\\\\\\\\\\\\\\\\\\\\\\":2338,\\\\\\\\\\\\\\\\\\\\\\\\\\\\\\\"type\\\\\\\\\\\\\\\\\\\\\\\\\\\\\\\":\\\\\\\\\\\\\\\\\\\\\\\\\\\\\\\"proc\\\\\\\\\\\\\\\\\\\\\\\\\\\\\\\",\\\\\\\\\\\\\\\\\\\\\\\\\\\\\\\"mode\\\\\\\\\\\\\\\\\\\\\\\\\\\\\\\":\\\\\\\\\\\\\\\\\\\\\\\\\\\\\\\"\\\\\\\\\\\\\\\\\\\\\\\\\\\\\\\",\\\\\\\\\\\\\\\\\\\\\\\\\\\\\\\"msg\\\\\\\\\\\\\\\\\\\\\\\\\\\\\\\":\\\\\\\\\\\\\\\\\\\\\\\\\\\\\\\"/show log\\\\\\\\\\\\\\\\\\\\\\\\\\\\\\\"}\\\\\\\\\\\\\\\"}\\\\\\\"}\\\"}\"}"}: undefined
[2017-01-07 19:45:11] {"id":7106,"type":"proc","mode":"","msg":"{\"id\":2338,\"type\":\"proc\",\"mode\":\"\",\"msg\":\"{\\\"id\\\":2338,\\\"type\\\":\\\"proc\\\",\\\"mode\\\":\\\"\\\",\\\"msg\\\":\\\"{\\\\\\\"id\\\\\\\":2338,\\\\\\\"type\\\\\\\":\\\\\\\"proc\\\\\\\",\\\\\\\"mode\\\\\\\":\\\\\\\"\\\\\\\",\\\\\\\"msg\\\\\\\":\\\\\\\"{\\\\\\\\\\\\\\\"id\\\\\\\\\\\\\\\":2338,\\\\\\\\\\\\\\\"type\\\\\\\\\\\\\\\":\\\\\\\\\\\\\\\"proc\\\\\\\\\\\\\\\",\\\\\\\\\\\\\\\"mode\\\\\\\\\\\\\\\":\\\\\\\\\\\\\\\"\\\\\\\\\\\\\\\",\\\\\\\\\\\\\\\"msg\\\\\\\\\\\\\\\":\\\\\\\\\\\\\\\"Printing Log to output\\\\\\\\\\\\\\\"}\\\\\\\"}\\\"}\"}"}: undefined
[2017-01-07 19:45:11] {"id":7701,"type":"in","mode":"","msg":"{\"id\":2338,\"type\":\"proc\",\"mode\":\"\",\"msg\":\"{\\\"id\\\":2338,\\\"type\\\":\\\"proc\\\",\\\"mode\\\":\\\"\\\",\\\"msg\\\":\\\"{\\\\\\\"id\\\\\\\":2338,\\\\\\\"type\\\\\\\":\\\\\\\"proc\\\\\\\",\\\\\\\"mode\\\\\\\":\\\\\\\"\\\\\\\",\\\\\\\"msg\\\\\\\":\\\\\\\"{\\\\\\\\\\\\\\\"id\\\\\\\\\\\\\\\":2338,\\\\\\\\\\\\\\\"type\\\\\\\\\\\\\\\":\\\\\\\\\\\\\\\"proc\\\\\\\\\\\\\\\",\\\\\\\\\\\\\\\"mode\\\\\\\\\\\\\\\":\\\\\\\\\\\\\\\"\\\\\\\\\\\\\\\",\\\\\\\\\\\\\\\"msg\\\\\\\\\\\\\\\":\\\\\\\\\\\\\\\"{\\\\\\\\\\\\\\\\\\\\\\\\\\\\\\\"id\\\\\\\\\\\\\\\\\\\\\\\\\\\\\\\":2338,\\\\\\\\\\\\\\\\\\\\\\\\\\\\\\\"type\\\\\\\\\\\\\\\\\\\\\\\\\\\\\\\":\\\\\\\\\\\\\\\\\\\\\\\\\\\\\\\"proc\\\\\\\\\\\\\\\\\\\\\\\\\\\\\\\",\\\\\\\\\\\\\\\\\\\\\\\\\\\\\\\"mode\\\\\\\\\\\\\\\\\\\\\\\\\\\\\\\":\\\\\\\\\\\\\\\\\\\\\\\\\\\\\\\"\\\\\\\\\\\\\\\\\\\\\\\\\\\\\\\",\\\\\\\\\\\\\\\\\\\\\\\\\\\\\\\"msg\\\\\\\\\\\\\\\\\\\\\\\\\\\\\\\":\\\\\\\\\\\\\\\\\\\\\\\\\\\\\\\"Printing Log to output\\\\\\\\\\\\\\\\\\\\\\\\\\\\\\\"}\\\\\\\\\\\\\\\"}\\\\\\\"}\\\"}\"}"}: undefined
[2017-01-07 19:45:17] {"id":7106,"type":"proc","mode":"","msg":"{\"id\":2338,\"type\":\"proc\",\"mode\":\"\",\"msg\":\"{\\\"id\\\":2338,\\\"type\\\":\\\"proc\\\",\\\"mode\\\":\\\"\\\",\\\"msg\\\":\\\"a\\\"}\"}"}: undefined
[2017-01-07 19:45:17] {"id":7701,"type":"in","mode":"","msg":"{\"id\":2338,\"type\":\"proc\",\"mode\":\"\",\"msg\":\"{\\\"id\\\":2338,\\\"type\\\":\\\"proc\\\",\\\"mode\\\":\\\"\\\",\\\"msg\\\":\\\"{\\\\\\\"id\\\\\\\":2338,\\\\\\\"type\\\\\\\":\\\\\\\"proc\\\\\\\",\\\\\\\"mode\\\\\\\":\\\\\\\"\\\\\\\",\\\\\\\"msg\\\\\\\":\\\\\\\"a\\\\\\\"}\\\"}\"}"}: undefined
[2017-01-07 19:45:17] {"id":7106,"type":"proc","mode":"","msg":"{\"id\":2338,\"type\":\"proc\",\"mode\":\"\",\"msg\":\"{\\\"id\\\":2338,\\\"type\\\":\\\"proc\\\",\\\"mode\\\":\\\"\\\",\\\"msg\\\":\\\"{\\\\\\\"id\\\\\\\":2338,\\\\\\\"type\\\\\\\":\\\\\\\"proc\\\\\\\",\\\\\\\"mode\\\\\\\":\\\\\\\"\\\\\\\",\\\\\\\"msg\\\\\\\":\\\\\\\"{\\\\\\\\\\\\\\\"id\\\\\\\\\\\\\\\":2338,\\\\\\\\\\\\\\\"type\\\\\\\\\\\\\\\":\\\\\\\\\\\\\\\"proc\\\\\\\\\\\\\\\",\\\\\\\\\\\\\\\"mode\\\\\\\\\\\\\\\":\\\\\\\\\\\\\\\"\\\\\\\\\\\\\\\",\\\\\\\\\\\\\\\"msg\\\\\\\\\\\\\\\":\\\\\\\\\\\\\\\"{\\\\\\\\\\\\\\\\\\\\\\\\\\\\\\\"id\\\\\\\\\\\\\\\\\\\\\\\\\\\\\\\":2338,\\\\\\\\\\\\\\\\\\\\\\\\\\\\\\\"type\\\\\\\\\\\\\\\\\\\\\\\\\\\\\\\":\\\\\\\\\\\\\\\\\\\\\\\\\\\\\\\"proc\\\\\\\\\\\\\\\\\\\\\\\\\\\\\\\",\\\\\\\\\\\\\\\\\\\\\\\\\\\\\\\"mode\\\\\\\\\\\\\\\\\\\\\\\\\\\\\\\":\\\\\\\\\\\\\\\\\\\\\\\\\\\\\\\"\\\\\\\\\\\\\\\\\\\\\\\\\\\\\\\",\\\\\\\\\\\\\\\\\\\\\\\\\\\\\\\"msg\\\\\\\\\\\\\\\\\\\\\\\\\\\\\\\":\\\\\\\\\\\\\\\\\\\\\\\\\\\\\\\"/show log\\\\\\\\\\\\\\\\\\\\\\\\\\\\\\\"}\\\\\\\\\\\\\\\"}\\\\\\\"}\\\"}\"}"}: undefined
[2017-01-07 19:45:17] {"id":7701,"type":"in","mode":"","msg":"{\"id\":2338,\"type\":\"proc\",\"mode\":\"\",\"msg\":\"{\\\"id\\\":2338,\\\"type\\\":\\\"proc\\\",\\\"mode\\\":\\\"\\\",\\\"msg\\\":\\\"{\\\\\\\"id\\\\\\\":2338,\\\\\\\"type\\\\\\\":\\\\\\\"proc\\\\\\\",\\\\\\\"mode\\\\\\\":\\\\\\\"\\\\\\\",\\\\\\\"msg\\\\\\\":\\\\\\\"{\\\\\\\\\\\\\\\"id\\\\\\\\\\\\\\\":2338,\\\\\\\\\\\\\\\"type\\\\\\\\\\\\\\\":\\\\\\\\\\\\\\\"proc\\\\\\\\\\\\\\\",\\\\\\\\\\\\\\\"mode\\\\\\\\\\\\\\\":\\\\\\\\\\\\\\\"\\\\\\\\\\\\\\\",\\\\\\\\\\\\\\\"msg\\\\\\\\\\\\\\\":\\\\\\\\\\\\\\\"{\\\\\\\\\\\\\\\\\\\\\\\\\\\\\\\"id\\\\\\\\\\\\\\\\\\\\\\\\\\\\\\\":2338,\\\\\\\\\\\\\\\\\\\\\\\\\\\\\\\"type\\\\\\\\\\\\\\\\\\\\\\\\\\\\\\\":\\\\\\\\\\\\\\\\\\\\\\\\\\\\\\\"proc\\\\\\\\\\\\\\\\\\\\\\\\\\\\\\\",\\\\\\\\\\\\\\\\\\\\\\\\\\\\\\\"mode\\\\\\\\\\\\\\\\\\\\\\\\\\\\\\\":\\\\\\\\\\\\\\\\\\\\\\\\\\\\\\\"\\\\\\\\\\\\\\\\\\\\\\\\\\\\\\\",\\\\\\\\\\\\\\\\\\\\\\\\\\\\\\\"msg\\\\\\\\\\\\\\\\\\\\\\\\\\\\\\\":\\\\\\\\\\\\\\\\\\\\\\\\\\\\\\\"{\\\\\\\\\\\\\\\\\\\\\\\\\\\\\\\\\\\\\\\\\\\\\\\\\\\\\\\\\\\\\\\"id\\\\\\\\\\\\\\\\\\\\\\\\\\\\\\\\\\\\\\\\\\\\\\\\\\\\\\\\\\\\\\\":2338,\\\\\\\\\\\\\\\\\\\\\\\\\\\\\\\\\\\\\\\\\\\\\\\\\\\\\\\\\\\\\\\"type\\\\\\\\\\\\\\\\\\\\\\\\\\\\\\\\\\\\\\\\\\\\\\\\\\\\\\\\\\\\\\\":\\\\\\\\\\\\\\\\\\\\\\\\\\\\\\\\\\\\\\\\\\\\\\\\\\\\\\\\\\\\\\\"proc\\\\\\\\\\\\\\\\\\\\\\\\\\\\\\\\\\\\\\\\\\\\\\\\\\\\\\\\\\\\\\\",\\\\\\\\\\\\\\\\\\\\\\\\\\\\\\\\\\\\\\\\\\\\\\\\\\\\\\\\\\\\\\\"mode\\\\\\\\\\\\\\\\\\\\\\\\\\\\\\\\\\\\\\\\\\\\\\\\\\\\\\\\\\\\\\\":\\\\\\\\\\\\\\\\\\\\\\\\\\\\\\\\\\\\\\\\\\\\\\\\\\\\\\\\\\\\\\\"\\\\\\\\\\\\\\\\\\\\\\\\\\\\\\\\\\\\\\\\\\\\\\\\\\\\\\\\\\\\\\\",\\\\\\\\\\\\\\\\\\\\\\\\\\\\\\\\\\\\\\\\\\\\\\\\\\\\\\\\\\\\\\\"msg\\\\\\\\\\\\\\\\\\\\\\\\\\\\\\\\\\\\\\\\\\\\\\\\\\\\\\\\\\\\\\\":\\\\\\\\\\\\\\\\\\\\\\\\\\\\\\\\\\\\\\\\\\\\\\\\\\\\\\\\\\\\\\\"/show log\\\\\\\\\\\\\\\\\\\\\\\\\\\\\\\\\\\\\\\\\\\\\\\\\\\\\\\\\\\\\\\"}\\\\\\\\\\\\\\\\\\\\\\\\\\\\\\\"}\\\\\\\\\\\\\\\"}\\\\\\\"}\\\"}\"}"}: undefined
[2017-01-07 19:45:18] {"id":7106,"type":"proc","mode":"","msg":"/hide log"}: undefined
[2017-01-07 19:45:18] {"id":7701,"type":"in","mode":"","msg":"Hiding log"}: undefined
[2017-01-07 19:45:18] {"id":7106,"type":"proc","mode":"","msg":"{\"id\":2338,\"type\":\"proc\",\"mode\":\"\",\"msg\":\"{\\\"id\\\":2338,\\\"type\\\":\\\"proc\\\",\\\"mode\\\":\\\"\\\",\\\"msg\\\":\\\"{\\\\\\\"id\\\\\\\":2338,\\\\\\\"type\\\\\\\":\\\\\\\"proc\\\\\\\",\\\\\\\"mode\\\\\\\":\\\\\\\"\\\\\\\",\\\\\\\"msg\\\\\\\":\\\\\\\"{\\\\\\\\\\\\\\\"id\\\\\\\\\\\\\\\":2338,\\\\\\\\\\\\\\\"type\\\\\\\\\\\\\\\":\\\\\\\\\\\\\\\"proc\\\\\\\\\\\\\\\",\\\\\\\\\\\\\\\"mode\\\\\\\\\\\\\\\":\\\\\\\\\\\\\\\"\\\\\\\\\\\\\\\",\\\\\\\\\\\\\\\"msg\\\\\\\\\\\\\\\":\\\\\\\\\\\\\\\"{\\\\\\\\\\\\\\\\\\\\\\\\\\\\\\\"id\\\\\\\\\\\\\\\\\\\\\\\\\\\\\\\":2338,\\\\\\\\\\\\\\\\\\\\\\\\\\\\\\\"type\\\\\\\\\\\\\\\\\\\\\\\\\\\\\\\":\\\\\\\\\\\\\\\\\\\\\\\\\\\\\\\"proc\\\\\\\\\\\\\\\\\\\\\\\\\\\\\\\",\\\\\\\\\\\\\\\\\\\\\\\\\\\\\\\"mode\\\\\\\\\\\\\\\\\\\\\\\\\\\\\\\":\\\\\\\\\\\\\\\\\\\\\\\\\\\\\\\"\\\\\\\\\\\\\\\\\\\\\\\\\\\\\\\",\\\\\\\\\\\\\\\\\\\\\\\\\\\\\\\"msg\\\\\\\\\\\\\\\\\\\\\\\\\\\\\\\":\\\\\\\\\\\\\\\\\\\\\\\\\\\\\\\"Printing Log to output\\\\\\\\\\\\\\\\\\\\\\\\\\\\\\\"}\\\\\\\\\\\\\\\"}\\\\\\\"}\\\"}\"}"}: undefined
[2017-01-07 19:45:18] {"id":7106,"type":"proc","mode":"","msg":"{\"id\":2338,\"type\":\"proc\",\"mode\":\"\",\"msg\":\"{\\\"id\\\":2338,\\\"type\\\":\\\"proc\\\",\\\"mode\\\":\\\"\\\",\\\"msg\\\":\\\"{\\\\\\\"id\\\\\\\":2338,\\\\\\\"type\\\\\\\":\\\\\\\"proc\\\\\\\",\\\\\\\"mode\\\\\\\":\\\\\\\"\\\\\\\",\\\\\\\"msg\\\\\\\":\\\\\\\"a\\\\\\\"}\\\"}\"}"}: undefined
[2017-01-07 19:45:18] {"id":7106,"type":"proc","mode":"","msg":"{\"id\":2338,\"type\":\"proc\",\"mode\":\"\",\"msg\":\"{\\\"id\\\":2338,\\\"type\\\":\\\"proc\\\",\\\"mode\\\":\\\"\\\",\\\"msg\\\":\\\"{\\\\\\\"id\\\\\\\":2338,\\\\\\\"type\\\\\\\":\\\\\\\"proc\\\\\\\",\\\\\\\"mode\\\\\\\":\\\\\\\"\\\\\\\",\\\\\\\"msg\\\\\\\":\\\\\\\"{\\\\\\\\\\\\\\\"id\\\\\\\\\\\\\\\":2338,\\\\\\\\\\\\\\\"type\\\\\\\\\\\\\\\":\\\\\\\\\\\\\\\"proc\\\\\\\\\\\\\\\",\\\\\\\\\\\\\\\"mode\\\\\\\\\\\\\\\":\\\\\\\\\\\\\\\"\\\\\\\\\\\\\\\",\\\\\\\\\\\\\\\"msg\\\\\\\\\\\\\\\":\\\\\\\\\\\\\\\"{\\\\\\\\\\\\\\\\\\\\\\\\\\\\\\\"id\\\\\\\\\\\\\\\\\\\\\\\\\\\\\\\":2338,\\\\\\\\\\\\\\\\\\\\\\\\\\\\\\\"type\\\\\\\\\\\\\\\\\\\\\\\\\\\\\\\":\\\\\\\\\\\\\\\\\\\\\\\\\\\\\\\"proc\\\\\\\\\\\\\\\\\\\\\\\\\\\\\\\",\\\\\\\\\\\\\\\\\\\\\\\\\\\\\\\"mode\\\\\\\\\\\\\\\\\\\\\\\\\\\\\\\":\\\\\\\\\\\\\\\\\\\\\\\\\\\\\\\"\\\\\\\\\\\\\\\\\\\\\\\\\\\\\\\",\\\\\\\\\\\\\\\\\\\\\\\\\\\\\\\"msg\\\\\\\\\\\\\\\\\\\\\\\\\\\\\\\":\\\\\\\\\\\\\\\\\\\\\\\\\\\\\\\"{\\\\\\\\\\\\\\\\\\\\\\\\\\\\\\\\\\\\\\\\\\\\\\\\\\\\\\\\\\\\\\\"id\\\\\\\\\\\\\\\\\\\\\\\\\\\\\\\\\\\\\\\\\\\\\\\\\\\\\\\\\\\\\\\":2338,\\\\\\\\\\\\\\\\\\\\\\\\\\\\\\\\\\\\\\\\\\\\\\\\\\\\\\\\\\\\\\\"type\\\\\\\\\\\\\\\\\\\\\\\\\\\\\\\\\\\\\\\\\\\\\\\\\\\\\\\\\\\\\\\":\\\\\\\\\\\\\\\\\\\\\\\\\\\\\\\\\\\\\\\\\\\\\\\\\\\\\\\\\\\\\\\"proc\\\\\\\\\\\\\\\\\\\\\\\\\\\\\\\\\\\\\\\\\\\\\\\\\\\\\\\\\\\\\\\",\\\\\\\\\\\\\\\\\\\\\\\\\\\\\\\\\\\\\\\\\\\\\\\\\\\\\\\\\\\\\\\"mode\\\\\\\\\\\\\\\\\\\\\\\\\\\\\\\\\\\\\\\\\\\\\\\\\\\\\\\\\\\\\\\":\\\\\\\\\\\\\\\\\\\\\\\\\\\\\\\\\\\\\\\\\\\\\\\\\\\\\\\\\\\\\\\"\\\\\\\\\\\\\\\\\\\\\\\\\\\\\\\\\\\\\\\\\\\\\\\\\\\\\\\\\\\\\\\",\\\\\\\\\\\\\\\\\\\\\\\\\\\\\\\\\\\\\\\\\\\\\\\\\\\\\\\\\\\\\\\"msg\\\\\\\\\\\\\\\\\\\\\\\\\\\\\\\\\\\\\\\\\\\\\\\\\\\\\\\\\\\\\\\":\\\\\\\\\\\\\\\\\\\\\\\\\\\\\\\\\\\\\\\\\\\\\\\\\\\\\\\\\\\\\\\"/show log\\\\\\\\\\\\\\\\\\\\\\\\\\\\\\\\\\\\\\\\\\\\\\\\\\\\\\\\\\\\\\\"}\\\\\\\\\\\\\\\\\\\\\\\\\\\\\\\"}\\\\\\\\\\\\\\\"}\\\\\\\"}\\\"}\"}"}: undefined
[2017-01-07 19:45:22] {"id":7106,"type":"proc","mode":"","msg":"a"}: undefined
[2017-01-07 19:45:24] {"id":7106,"type":"proc","mode":"","msg":"Hiding log"}: undefined
